c:\users\алехандро\desktop\alexprojects\testwin32_graphicapp\dlltools\x64\debug\dlltools.pch
c:\users\алехандро\desktop\alexprojects\testwin32_graphicapp\dlltools\x64\debug\vc142.pdb
c:\users\алехандро\desktop\alexprojects\testwin32_graphicapp\dlltools\x64\debug\vc142.idb
c:\users\алехандро\desktop\alexprojects\testwin32_graphicapp\dlltools\x64\debug\pch.obj
c:\users\алехандро\desktop\alexprojects\testwin32_graphicapp\dlltools\x64\debug\dllmain.obj
c:\users\quqve\onedrive\рабочий стол\progs\testwin32_graphicapp\dlltools\x64\debug\dlltools.pch
c:\users\quqve\onedrive\рабочий стол\progs\testwin32_graphicapp\dlltools\x64\debug\vc143.pdb
c:\users\quqve\onedrive\рабочий стол\progs\testwin32_graphicapp\dlltools\x64\debug\vc143.idb
c:\users\quqve\onedrive\рабочий стол\progs\testwin32_graphicapp\dlltools\x64\debug\pch.obj
c:\users\quqve\onedrive\рабочий стол\progs\testwin32_graphicapp\dlltools\x64\debug\dllmain.obj
c:\users\quqve\onedrive\рабочий стол\progs\testwin32_graphicapp\x64\debug\dlltools.lib
c:\users\quqve\onedrive\рабочий стол\progs\testwin32_graphicapp\x64\debug\dlltools.exp
c:\users\алехандро\desktop\alexprojects\testwin32_graphicapp\x64\debug\dlltools.lib
c:\users\алехандро\desktop\alexprojects\testwin32_graphicapp\x64\debug\dlltools.exp
c:\users\алехандро\desktop\alexprojects\testwin32_graphicapp\x64\debug\dlltools.tool
c:\users\алехандро\desktop\alexprojects\testwin32_graphicapp\dlltools\x64\debug\dlltools.ilk
c:\users\алехандро\desktop\alexprojects\testwin32_graphicapp\x64\debug\dlltools.pdb
c:\users\quqve\onedrive\рабочий стол\progs\testwin32_graphicapp\dlltools\x64\debug\dlltools.ilk
c:\users\quqve\onedrive\рабочий стол\progs\testwin32_graphicapp\x64\debug\dlltools.tool
c:\users\quqve\onedrive\рабочий стол\progs\testwin32_graphicapp\x64\debug\dlltools.pdb
c:\users\quqve\onedrive\рабочий стол\progs\testwin32_graphicapp\dlltools\x64\debug\vc142.idb
c:\users\quqve\onedrive\рабочий стол\progs\testwin32_graphicapp\dlltools\x64\debug\vc142.pdb
c:\users\quqve\onedrive\рабочий стол\progs\testwin32_graphicapp\dlltools\x64\debug\dlltools.tlog\cl.command.1.tlog
c:\users\quqve\onedrive\рабочий стол\progs\testwin32_graphicapp\dlltools\x64\debug\dlltools.tlog\cl.read.1.tlog
c:\users\quqve\onedrive\рабочий стол\progs\testwin32_graphicapp\dlltools\x64\debug\dlltools.tlog\cl.write.1.tlog
c:\users\quqve\onedrive\рабочий стол\progs\testwin32_graphicapp\dlltools\x64\debug\dlltools.tlog\dlltools.write.1u.tlog
c:\users\quqve\onedrive\рабочий стол\progs\testwin32_graphicapp\dlltools\x64\debug\dlltools.tlog\link.command.1.tlog
c:\users\quqve\onedrive\рабочий стол\progs\testwin32_graphicapp\dlltools\x64\debug\dlltools.tlog\link.read.1.tlog
c:\users\quqve\onedrive\рабочий стол\progs\testwin32_graphicapp\dlltools\x64\debug\dlltools.tlog\link.write.1.tlog
