c:\users\алехандро\desktop\alexprojects\testwin32_graphicapp\saveimage\x64\debug\saveimage.pch
c:\users\алехандро\desktop\alexprojects\testwin32_graphicapp\saveimage\x64\debug\vc142.pdb
c:\users\алехандро\desktop\alexprojects\testwin32_graphicapp\saveimage\x64\debug\vc142.idb
c:\users\алехандро\desktop\alexprojects\testwin32_graphicapp\saveimage\x64\debug\pch.obj
c:\users\алехандро\desktop\alexprojects\testwin32_graphicapp\saveimage\x64\debug\saveimage.obj
c:\users\алехандро\desktop\alexprojects\testwin32_graphicapp\saveimage\x64\debug\dllmain.obj
c:\users\quqve\onedrive\рабочий стол\progs\testwin32_graphicapp\saveimage\x64\debug\saveimage.pch
c:\users\quqve\onedrive\рабочий стол\progs\testwin32_graphicapp\saveimage\x64\debug\vc143.pdb
c:\users\quqve\onedrive\рабочий стол\progs\testwin32_graphicapp\saveimage\x64\debug\vc143.idb
c:\users\quqve\onedrive\рабочий стол\progs\testwin32_graphicapp\saveimage\x64\debug\pch.obj
c:\users\quqve\onedrive\рабочий стол\progs\testwin32_graphicapp\saveimage\x64\debug\saveimage.obj
c:\users\quqve\onedrive\рабочий стол\progs\testwin32_graphicapp\saveimage\x64\debug\dllmain.obj
c:\users\алехандро\desktop\alexprojects\testwin32_graphicapp\saveimage\x64\debug\saveimage.ilk
c:\users\алехандро\desktop\alexprojects\testwin32_graphicapp\x64\debug\saveimage.dll
c:\users\алехандро\desktop\alexprojects\testwin32_graphicapp\x64\debug\saveimage.pdb
c:\users\quqve\onedrive\рабочий стол\progs\testwin32_graphicapp\saveimage\x64\debug\saveimage.ilk
c:\users\quqve\onedrive\рабочий стол\progs\testwin32_graphicapp\x64\debug\saveimage.dll
c:\users\quqve\onedrive\рабочий стол\progs\testwin32_graphicapp\x64\debug\saveimage.pdb
c:\users\алехандро\desktop\alexprojects\testwin32_graphicapp\x64\debug\saveimage.lib
c:\users\алехандро\desktop\alexprojects\testwin32_graphicapp\x64\debug\saveimage.exp
c:\users\quqve\onedrive\рабочий стол\progs\testwin32_graphicapp\x64\debug\saveimage.lib
c:\users\quqve\onedrive\рабочий стол\progs\testwin32_graphicapp\x64\debug\saveimage.exp
c:\users\quqve\onedrive\рабочий стол\progs\testwin32_graphicapp\saveimage\x64\debug\vc142.idb
c:\users\quqve\onedrive\рабочий стол\progs\testwin32_graphicapp\saveimage\x64\debug\vc142.pdb
c:\users\quqve\onedrive\рабочий стол\progs\testwin32_graphicapp\saveimage\x64\debug\saveimage.tlog\cl.command.1.tlog
c:\users\quqve\onedrive\рабочий стол\progs\testwin32_graphicapp\saveimage\x64\debug\saveimage.tlog\cl.read.1.tlog
c:\users\quqve\onedrive\рабочий стол\progs\testwin32_graphicapp\saveimage\x64\debug\saveimage.tlog\cl.write.1.tlog
c:\users\quqve\onedrive\рабочий стол\progs\testwin32_graphicapp\saveimage\x64\debug\saveimage.tlog\link.command.1.tlog
c:\users\quqve\onedrive\рабочий стол\progs\testwin32_graphicapp\saveimage\x64\debug\saveimage.tlog\link.read.1.tlog
c:\users\quqve\onedrive\рабочий стол\progs\testwin32_graphicapp\saveimage\x64\debug\saveimage.tlog\link.write.1.tlog
c:\users\quqve\onedrive\рабочий стол\progs\testwin32_graphicapp\saveimage\x64\debug\saveimage.tlog\saveimage.write.1u.tlog
